<?xml version="1.0" encoding="UTF-8"?>
<!-- Generated by org.testng.reporters.JUnitReportReporter -->
<testsuite skipped="0" hostname="ASDW0135" name="hckrrnk.HttpStsRspns" tests="1" failures="0" timestamp="07 Aug 2018 10:26:13 GMT" time="2.167" errors="0">
  <testcase name="test" time="2.167" classname="hckrrnk.HttpStsRspns"/>
</testsuite> <!-- hckrrnk.HttpStsRspns -->
